{"/Users/dunnock/projects/convergence-os/packages/ui/src/components/theme-switcher.tsx": {"path":"/Users/dunnock/projects/convergence-os/packages/ui/src/components/theme-switcher.tsx","all":false,"statementMap":{"7":{"start":{"line":8,"column":0},"end":{"line":8,"column":75}},"68":{"start":{"line":69,"column":0},"end":{"line":69,"column":31}},"69":{"start":{"line":70,"column":0},"end":{"line":70,"column":17}},"70":{"start":{"line":71,"column":0},"end":{"line":71,"column":24}},"71":{"start":{"line":72,"column":0},"end":{"line":72,"column":22}},"72":{"start":{"line":73,"column":0},"end":{"line":73,"column":24}},"73":{"start":{"line":74,"column":0},"end":{"line":74,"column":77}},"74":{"start":{"line":75,"column":0},"end":{"line":75,"column":15}},"77":{"start":{"line":78,"column":0},"end":{"line":78,"column":17}},"78":{"start":{"line":79,"column":0},"end":{"line":79,"column":12}},"79":{"start":{"line":80,"column":0},"end":{"line":80,"column":10}},"80":{"start":{"line":81,"column":0},"end":{"line":81,"column":58}},"81":{"start":{"line":82,"column":0},"end":{"line":82,"column":26}},"83":{"start":{"line":84,"column":0},"end":{"line":84,"column":28}},"84":{"start":{"line":85,"column":0},"end":{"line":85,"column":76}},"86":{"start":{"line":87,"column":0},"end":{"line":87,"column":26}},"87":{"start":{"line":88,"column":0},"end":{"line":88,"column":76}},"89":{"start":{"line":90,"column":0},"end":{"line":90,"column":12}},"91":{"start":{"line":92,"column":0},"end":{"line":92,"column":3}},"93":{"start":{"line":94,"column":0},"end":{"line":94,"column":10}},"94":{"start":{"line":95,"column":0},"end":{"line":95,"column":60}},"95":{"start":{"line":96,"column":0},"end":{"line":96,"column":26}},"96":{"start":{"line":97,"column":0},"end":{"line":97,"column":15}},"97":{"start":{"line":98,"column":0},"end":{"line":98,"column":30}},"98":{"start":{"line":99,"column":0},"end":{"line":99,"column":75}},"99":{"start":{"line":100,"column":0},"end":{"line":100,"column":148}},"100":{"start":{"line":101,"column":0},"end":{"line":101,"column":36}},"102":{"start":{"line":103,"column":0},"end":{"line":103,"column":58}},"103":{"start":{"line":104,"column":0},"end":{"line":104,"column":54}},"104":{"start":{"line":105,"column":0},"end":{"line":105,"column":17}},"107":{"start":{"line":108,"column":0},"end":{"line":108,"column":24}},"108":{"start":{"line":109,"column":0},"end":{"line":109,"column":15}},"109":{"start":{"line":110,"column":0},"end":{"line":110,"column":27}},"110":{"start":{"line":111,"column":0},"end":{"line":111,"column":69}},"111":{"start":{"line":112,"column":0},"end":{"line":112,"column":148}},"112":{"start":{"line":113,"column":0},"end":{"line":113,"column":33}},"114":{"start":{"line":115,"column":0},"end":{"line":115,"column":46}},"115":{"start":{"line":116,"column":0},"end":{"line":116,"column":44}},"116":{"start":{"line":117,"column":0},"end":{"line":117,"column":48}},"117":{"start":{"line":118,"column":0},"end":{"line":118,"column":17}},"119":{"start":{"line":120,"column":0},"end":{"line":120,"column":10}},"121":{"start":{"line":122,"column":0},"end":{"line":122,"column":1}}},"s":{"7":1,"68":1,"69":108,"70":108,"71":108,"72":108,"73":108,"74":108,"77":108,"78":2,"79":2,"80":2,"81":2,"83":2,"84":2,"86":2,"87":2,"89":2,"91":2,"93":106,"94":106,"95":106,"96":99,"97":99,"98":99,"99":99,"100":99,"102":99,"103":99,"104":99,"107":108,"108":105,"109":105,"110":105,"111":105,"112":105,"114":105,"115":105,"116":105,"117":105,"119":108,"121":108},"branchMap":{"0":{"type":"branch","line":69,"loc":{"start":{"line":69,"column":7},"end":{"line":122,"column":1}},"locations":[{"start":{"line":69,"column":7},"end":{"line":122,"column":1}}]},"1":{"type":"branch","line":78,"loc":{"start":{"line":78,"column":16},"end":{"line":92,"column":3}},"locations":[{"start":{"line":78,"column":16},"end":{"line":92,"column":3}}]},"2":{"type":"branch","line":92,"loc":{"start":{"line":92,"column":2},"end":{"line":105,"column":17}},"locations":[{"start":{"line":92,"column":2},"end":{"line":105,"column":17}}]},"3":{"type":"branch","line":96,"loc":{"start":{"line":96,"column":8},"end":{"line":105,"column":17}},"locations":[{"start":{"line":96,"column":8},"end":{"line":105,"column":17}}]},"4":{"type":"branch","line":108,"loc":{"start":{"line":108,"column":8},"end":{"line":118,"column":17}},"locations":[{"start":{"line":108,"column":8},"end":{"line":118,"column":17}}]},"5":{"type":"branch","line":99,"loc":{"start":{"line":99,"column":20},"end":{"line":99,"column":75}},"locations":[{"start":{"line":99,"column":20},"end":{"line":99,"column":75}}]},"6":{"type":"branch","line":111,"loc":{"start":{"line":111,"column":20},"end":{"line":111,"column":69}},"locations":[{"start":{"line":111,"column":20},"end":{"line":111,"column":69}}]}},"b":{"0":[108],"1":[2],"2":[106],"3":[99],"4":[105],"5":[25],"6":[11]},"fnMap":{"0":{"name":"ThemeSwitcher","decl":{"start":{"line":69,"column":7},"end":{"line":122,"column":1}},"loc":{"start":{"line":69,"column":7},"end":{"line":122,"column":1}},"line":69},"1":{"name":"onChange","decl":{"start":{"line":99,"column":20},"end":{"line":99,"column":75}},"loc":{"start":{"line":99,"column":20},"end":{"line":99,"column":75}},"line":99},"2":{"name":"onChange","decl":{"start":{"line":111,"column":20},"end":{"line":111,"column":69}},"loc":{"start":{"line":111,"column":20},"end":{"line":111,"column":69}},"line":111}},"f":{"0":108,"1":25,"2":11}}
,"/Users/dunnock/projects/convergence-os/packages/ui/src/providers/theme-provider.tsx": {"path":"/Users/dunnock/projects/convergence-os/packages/ui/src/providers/theme-provider.tsx","all":false,"statementMap":{"8":{"start":{"line":9,"column":0},"end":{"line":9,"column":8}},"12":{"start":{"line":13,"column":0},"end":{"line":13,"column":8}},"71":{"start":{"line":72,"column":0},"end":{"line":72,"column":77}},"77":{"start":{"line":78,"column":0},"end":{"line":78,"column":61}},"83":{"start":{"line":84,"column":0},"end":{"line":84,"column":50}},"89":{"start":{"line":90,"column":0},"end":{"line":90,"column":54}},"96":{"start":{"line":97,"column":0},"end":{"line":97,"column":50}},"97":{"start":{"line":98,"column":0},"end":{"line":98,"column":29}},"98":{"start":{"line":99,"column":0},"end":{"line":99,"column":1}},"106":{"start":{"line":107,"column":0},"end":{"line":107,"column":68}},"107":{"start":{"line":108,"column":0},"end":{"line":108,"column":39}},"108":{"start":{"line":109,"column":0},"end":{"line":109,"column":16}},"109":{"start":{"line":110,"column":0},"end":{"line":110,"column":80}},"110":{"start":{"line":111,"column":0},"end":{"line":111,"column":4}},"111":{"start":{"line":112,"column":0},"end":{"line":112,"column":1}},"118":{"start":{"line":119,"column":0},"end":{"line":119,"column":63}},"119":{"start":{"line":120,"column":0},"end":{"line":120,"column":32}},"120":{"start":{"line":121,"column":0},"end":{"line":121,"column":38}},"121":{"start":{"line":122,"column":0},"end":{"line":122,"column":9}},"122":{"start":{"line":123,"column":0},"end":{"line":123,"column":55}},"123":{"start":{"line":124,"column":0},"end":{"line":124,"column":13}},"125":{"start":{"line":126,"column":0},"end":{"line":126,"column":5}},"126":{"start":{"line":127,"column":0},"end":{"line":127,"column":3}},"127":{"start":{"line":128,"column":0},"end":{"line":128,"column":58}},"128":{"start":{"line":129,"column":0},"end":{"line":129,"column":1}},"135":{"start":{"line":136,"column":0},"end":{"line":136,"column":76}},"136":{"start":{"line":137,"column":0},"end":{"line":137,"column":58}},"137":{"start":{"line":138,"column":0},"end":{"line":138,"column":1}},"140":{"start":{"line":141,"column":0},"end":{"line":141,"column":36}},"141":{"start":{"line":142,"column":0},"end":{"line":142,"column":7}},"142":{"start":{"line":143,"column":0},"end":{"line":143,"column":59}},"143":{"start":{"line":144,"column":0},"end":{"line":144,"column":38}},"144":{"start":{"line":145,"column":0},"end":{"line":145,"column":35}},"145":{"start":{"line":146,"column":0},"end":{"line":146,"column":5}},"146":{"start":{"line":147,"column":0},"end":{"line":147,"column":11}},"148":{"start":{"line":149,"column":0},"end":{"line":149,"column":3}},"149":{"start":{"line":150,"column":0},"end":{"line":150,"column":1}},"155":{"start":{"line":156,"column":0},"end":{"line":156,"column":45}},"161":{"start":{"line":162,"column":0},"end":{"line":162,"column":22}},"168":{"start":{"line":169,"column":0},"end":{"line":169,"column":40}},"169":{"start":{"line":170,"column":0},"end":{"line":170,"column":19}},"170":{"start":{"line":171,"column":0},"end":{"line":171,"column":1}},"177":{"start":{"line":178,"column":0},"end":{"line":178,"column":46}},"178":{"start":{"line":179,"column":0},"end":{"line":179,"column":15}},"179":{"start":{"line":180,"column":0},"end":{"line":180,"column":1}},"187":{"start":{"line":188,"column":0},"end":{"line":188,"column":63}},"188":{"start":{"line":189,"column":0},"end":{"line":189,"column":34}},"189":{"start":{"line":190,"column":0},"end":{"line":190,"column":16}},"190":{"start":{"line":191,"column":0},"end":{"line":191,"column":70}},"191":{"start":{"line":192,"column":0},"end":{"line":192,"column":4}},"192":{"start":{"line":193,"column":0},"end":{"line":193,"column":1}},"195":{"start":{"line":196,"column":0},"end":{"line":196,"column":36}},"197":{"start":{"line":198,"column":0},"end":{"line":198,"column":24}},"198":{"start":{"line":199,"column":0},"end":{"line":199,"column":21}},"199":{"start":{"line":200,"column":0},"end":{"line":200,"column":55}},"200":{"start":{"line":201,"column":0},"end":{"line":201,"column":5}},"201":{"start":{"line":202,"column":0},"end":{"line":202,"column":1}},"210":{"start":{"line":211,"column":0},"end":{"line":211,"column":31}},"211":{"start":{"line":212,"column":0},"end":{"line":212,"column":11}},"212":{"start":{"line":213,"column":0},"end":{"line":213,"column":33}},"213":{"start":{"line":214,"column":0},"end":{"line":214,"column":4}},"216":{"start":{"line":217,"column":0},"end":{"line":217,"column":4}},"217":{"start":{"line":218,"column":0},"end":{"line":218,"column":44}},"218":{"start":{"line":219,"column":0},"end":{"line":219,"column":28}},"219":{"start":{"line":220,"column":0},"end":{"line":220,"column":28}},"220":{"start":{"line":221,"column":0},"end":{"line":221,"column":24}},"221":{"start":{"line":222,"column":0},"end":{"line":222,"column":4}},"223":{"start":{"line":224,"column":0},"end":{"line":224,"column":39}},"224":{"start":{"line":225,"column":0},"end":{"line":225,"column":23}},"225":{"start":{"line":226,"column":0},"end":{"line":226,"column":23}},"226":{"start":{"line":227,"column":0},"end":{"line":227,"column":28}},"227":{"start":{"line":228,"column":0},"end":{"line":228,"column":4}},"229":{"start":{"line":230,"column":0},"end":{"line":230,"column":60}},"232":{"start":{"line":233,"column":0},"end":{"line":233,"column":19}},"233":{"start":{"line":234,"column":0},"end":{"line":234,"column":25}},"235":{"start":{"line":236,"column":0},"end":{"line":236,"column":50}},"236":{"start":{"line":237,"column":0},"end":{"line":237,"column":39}},"239":{"start":{"line":240,"column":0},"end":{"line":240,"column":57}},"240":{"start":{"line":241,"column":0},"end":{"line":241,"column":23}},"241":{"start":{"line":242,"column":0},"end":{"line":242,"column":28}},"242":{"start":{"line":243,"column":0},"end":{"line":243,"column":5}},"245":{"start":{"line":246,"column":0},"end":{"line":246,"column":48}},"246":{"start":{"line":247,"column":0},"end":{"line":247,"column":21}},"247":{"start":{"line":248,"column":0},"end":{"line":248,"column":28}},"248":{"start":{"line":249,"column":0},"end":{"line":249,"column":24}},"249":{"start":{"line":250,"column":0},"end":{"line":250,"column":36}},"252":{"start":{"line":253,"column":0},"end":{"line":253,"column":70}},"253":{"start":{"line":254,"column":0},"end":{"line":254,"column":30}},"255":{"start":{"line":256,"column":0},"end":{"line":256,"column":66}},"256":{"start":{"line":257,"column":0},"end":{"line":257,"column":37}},"257":{"start":{"line":258,"column":0},"end":{"line":258,"column":9}},"259":{"start":{"line":260,"column":0},"end":{"line":260,"column":35}},"260":{"start":{"line":261,"column":0},"end":{"line":261,"column":26}},"261":{"start":{"line":262,"column":0},"end":{"line":262,"column":21}},"262":{"start":{"line":263,"column":0},"end":{"line":263,"column":6}},"263":{"start":{"line":264,"column":0},"end":{"line":264,"column":14}},"264":{"start":{"line":265,"column":0},"end":{"line":265,"column":4}},"266":{"start":{"line":267,"column":0},"end":{"line":267,"column":36}},"267":{"start":{"line":268,"column":0},"end":{"line":268,"column":17}},"268":{"start":{"line":269,"column":0},"end":{"line":269,"column":20}},"269":{"start":{"line":270,"column":0},"end":{"line":270,"column":48}},"270":{"start":{"line":271,"column":0},"end":{"line":271,"column":17}},"271":{"start":{"line":272,"column":0},"end":{"line":272,"column":70}},"272":{"start":{"line":273,"column":0},"end":{"line":273,"column":12}},"273":{"start":{"line":274,"column":0},"end":{"line":274,"column":4}},"275":{"start":{"line":276,"column":0},"end":{"line":276,"column":10}},"276":{"start":{"line":277,"column":0},"end":{"line":277,"column":75}},"278":{"start":{"line":279,"column":0},"end":{"line":279,"column":1}},"322":{"start":{"line":323,"column":0},"end":{"line":323,"column":31}},"323":{"start":{"line":324,"column":0},"end":{"line":324,"column":11}},"324":{"start":{"line":325,"column":0},"end":{"line":325,"column":33}},"325":{"start":{"line":326,"column":0},"end":{"line":326,"column":30}},"326":{"start":{"line":327,"column":0},"end":{"line":327,"column":35}},"327":{"start":{"line":328,"column":0},"end":{"line":328,"column":24}},"328":{"start":{"line":329,"column":0},"end":{"line":329,"column":10}},"329":{"start":{"line":330,"column":0},"end":{"line":330,"column":23}},"330":{"start":{"line":331,"column":0},"end":{"line":331,"column":23}},"331":{"start":{"line":332,"column":0},"end":{"line":332,"column":37}},"332":{"start":{"line":333,"column":0},"end":{"line":333,"column":18}},"333":{"start":{"line":334,"column":0},"end":{"line":334,"column":59}},"335":{"start":{"line":336,"column":0},"end":{"line":336,"column":60}},"336":{"start":{"line":337,"column":0},"end":{"line":337,"column":18}},"337":{"start":{"line":338,"column":0},"end":{"line":338,"column":29}},"338":{"start":{"line":339,"column":0},"end":{"line":339,"column":25}},"340":{"start":{"line":341,"column":0},"end":{"line":341,"column":1}},"371":{"start":{"line":372,"column":0},"end":{"line":372,"column":47}},"372":{"start":{"line":373,"column":0},"end":{"line":373,"column":43}},"373":{"start":{"line":374,"column":0},"end":{"line":374,"column":30}},"374":{"start":{"line":375,"column":0},"end":{"line":375,"column":68}},"375":{"start":{"line":376,"column":0},"end":{"line":376,"column":3}},"376":{"start":{"line":377,"column":0},"end":{"line":377,"column":17}},"377":{"start":{"line":378,"column":0},"end":{"line":378,"column":1}},"384":{"start":{"line":385,"column":0},"end":{"line":385,"column":85}},"385":{"start":{"line":386,"column":0},"end":{"line":386,"column":39}},"386":{"start":{"line":387,"column":0},"end":{"line":387,"column":20}},"387":{"start":{"line":388,"column":0},"end":{"line":388,"column":29}},"388":{"start":{"line":389,"column":0},"end":{"line":389,"column":24}},"391":{"start":{"line":392,"column":0},"end":{"line":392,"column":38}},"392":{"start":{"line":393,"column":0},"end":{"line":393,"column":26}},"393":{"start":{"line":394,"column":0},"end":{"line":394,"column":23}},"394":{"start":{"line":395,"column":0},"end":{"line":395,"column":57}},"395":{"start":{"line":396,"column":0},"end":{"line":396,"column":7}},"396":{"start":{"line":397,"column":0},"end":{"line":397,"column":3}},"397":{"start":{"line":398,"column":0},"end":{"line":398,"column":1}}},"s":{"8":1,"12":1,"71":1,"77":1,"83":1,"89":1,"96":1037,"97":1037,"98":1037,"106":141,"107":141,"108":141,"109":141,"110":141,"111":141,"118":133,"119":133,"120":133,"121":133,"122":133,"123":133,"125":1,"126":133,"127":133,"128":133,"135":1,"136":9,"137":9,"140":1,"141":1,"142":1,"143":1,"144":0,"145":0,"146":1,"148":1,"149":1,"155":1,"161":1,"168":793,"169":793,"170":793,"177":0,"178":0,"179":0,"187":141,"188":141,"189":141,"190":141,"191":141,"192":141,"195":1,"197":1,"198":3,"199":3,"200":1,"201":1,"210":314,"211":314,"212":314,"213":314,"216":314,"217":314,"218":314,"219":314,"220":314,"221":314,"223":314,"224":314,"225":314,"226":314,"227":314,"229":314,"232":314,"233":287,"235":275,"236":275,"239":275,"240":287,"241":238,"242":238,"245":275,"246":275,"247":275,"248":275,"249":275,"252":275,"253":314,"255":314,"256":133,"257":314,"259":314,"260":314,"261":12,"262":12,"263":314,"264":314,"266":314,"267":314,"268":314,"269":314,"270":314,"271":314,"272":314,"273":314,"275":314,"276":314,"278":314,"322":1,"323":155,"324":155,"325":155,"326":155,"327":155,"328":155,"329":155,"330":155,"331":155,"332":155,"333":155,"335":155,"336":155,"337":155,"338":155,"340":155,"371":1,"372":337,"373":337,"374":4,"375":4,"376":331,"377":331,"384":1,"385":103,"386":103,"387":103,"388":103,"391":103,"392":103,"393":103,"394":103,"395":103,"396":103,"397":103},"branchMap":{"0":{"type":"branch","line":144,"loc":{"start":{"line":144,"column":37},"end":{"line":146,"column":5}},"locations":[{"start":{"line":144,"column":37},"end":{"line":146,"column":5}}]},"1":{"type":"branch","line":97,"loc":{"start":{"line":97,"column":0},"end":{"line":99,"column":1}},"locations":[{"start":{"line":97,"column":0},"end":{"line":99,"column":1}}]},"2":{"type":"branch","line":107,"loc":{"start":{"line":107,"column":0},"end":{"line":112,"column":1}},"locations":[{"start":{"line":107,"column":0},"end":{"line":112,"column":1}}]},"3":{"type":"branch","line":109,"loc":{"start":{"line":109,"column":9},"end":{"line":111,"column":4}},"locations":[{"start":{"line":109,"column":9},"end":{"line":111,"column":4}}]},"4":{"type":"branch","line":110,"loc":{"start":{"line":110,"column":57},"end":{"line":110,"column":78}},"locations":[{"start":{"line":110,"column":57},"end":{"line":110,"column":78}}]},"5":{"type":"branch","line":119,"loc":{"start":{"line":119,"column":0},"end":{"line":129,"column":1}},"locations":[{"start":{"line":119,"column":0},"end":{"line":129,"column":1}}]},"6":{"type":"branch","line":124,"loc":{"start":{"line":124,"column":4},"end":{"line":126,"column":5}},"locations":[{"start":{"line":124,"column":4},"end":{"line":126,"column":5}}]},"7":{"type":"branch","line":128,"loc":{"start":{"line":128,"column":32},"end":{"line":128,"column":56}},"locations":[{"start":{"line":128,"column":32},"end":{"line":128,"column":56}}]},"8":{"type":"branch","line":136,"loc":{"start":{"line":136,"column":7},"end":{"line":138,"column":1}},"locations":[{"start":{"line":136,"column":7},"end":{"line":138,"column":1}}]},"9":{"type":"branch","line":137,"loc":{"start":{"line":137,"column":19},"end":{"line":137,"column":58}},"locations":[{"start":{"line":137,"column":19},"end":{"line":137,"column":58}}]},"10":{"type":"branch","line":169,"loc":{"start":{"line":169,"column":0},"end":{"line":171,"column":1}},"locations":[{"start":{"line":169,"column":0},"end":{"line":171,"column":1}}]},"11":{"type":"branch","line":188,"loc":{"start":{"line":188,"column":0},"end":{"line":193,"column":1}},"locations":[{"start":{"line":188,"column":0},"end":{"line":193,"column":1}}]},"12":{"type":"branch","line":190,"loc":{"start":{"line":190,"column":9},"end":{"line":192,"column":4}},"locations":[{"start":{"line":190,"column":9},"end":{"line":192,"column":4}}]},"13":{"type":"branch","line":191,"loc":{"start":{"line":191,"column":47},"end":{"line":191,"column":68}},"locations":[{"start":{"line":191,"column":47},"end":{"line":191,"column":68}}]},"14":{"type":"branch","line":198,"loc":{"start":{"line":198,"column":17},"end":{"line":201,"column":3}},"locations":[{"start":{"line":198,"column":17},"end":{"line":201,"column":3}}]},"15":{"type":"branch","line":211,"loc":{"start":{"line":211,"column":0},"end":{"line":279,"column":1}},"locations":[{"start":{"line":211,"column":0},"end":{"line":279,"column":1}}]},"16":{"type":"branch","line":270,"loc":{"start":{"line":270,"column":16},"end":{"line":270,"column":48}},"locations":[{"start":{"line":270,"column":16},"end":{"line":270,"column":48}}]},"17":{"type":"branch","line":272,"loc":{"start":{"line":272,"column":24},"end":{"line":272,"column":70}},"locations":[{"start":{"line":272,"column":24},"end":{"line":272,"column":70}}]},"18":{"type":"branch","line":233,"loc":{"start":{"line":233,"column":12},"end":{"line":254,"column":5}},"locations":[{"start":{"line":233,"column":12},"end":{"line":254,"column":5}}]},"19":{"type":"branch","line":234,"loc":{"start":{"line":234,"column":18},"end":{"line":234,"column":25}},"locations":[{"start":{"line":234,"column":18},"end":{"line":234,"column":25}}]},"20":{"type":"branch","line":234,"loc":{"start":{"line":234,"column":18},"end":{"line":241,"column":22}},"locations":[{"start":{"line":234,"column":18},"end":{"line":241,"column":22}}]},"21":{"type":"branch","line":241,"loc":{"start":{"line":241,"column":22},"end":{"line":243,"column":5}},"locations":[{"start":{"line":241,"column":22},"end":{"line":243,"column":5}}]},"22":{"type":"branch","line":243,"loc":{"start":{"line":243,"column":4},"end":{"line":253,"column":70}},"locations":[{"start":{"line":243,"column":4},"end":{"line":253,"column":70}}]},"23":{"type":"branch","line":256,"loc":{"start":{"line":256,"column":38},"end":{"line":258,"column":5}},"locations":[{"start":{"line":256,"column":38},"end":{"line":258,"column":5}}]},"24":{"type":"branch","line":261,"loc":{"start":{"line":261,"column":4},"end":{"line":263,"column":6}},"locations":[{"start":{"line":261,"column":4},"end":{"line":263,"column":6}}]},"25":{"type":"branch","line":323,"loc":{"start":{"line":323,"column":7},"end":{"line":341,"column":1}},"locations":[{"start":{"line":323,"column":7},"end":{"line":341,"column":1}}]},"26":{"type":"branch","line":372,"loc":{"start":{"line":372,"column":7},"end":{"line":378,"column":1}},"locations":[{"start":{"line":372,"column":7},"end":{"line":378,"column":1}}]},"27":{"type":"branch","line":374,"loc":{"start":{"line":374,"column":29},"end":{"line":376,"column":3}},"locations":[{"start":{"line":374,"column":29},"end":{"line":376,"column":3}}]},"28":{"type":"branch","line":376,"loc":{"start":{"line":376,"column":2},"end":{"line":378,"column":1}},"locations":[{"start":{"line":376,"column":2},"end":{"line":378,"column":1}}]},"29":{"type":"branch","line":385,"loc":{"start":{"line":385,"column":7},"end":{"line":398,"column":1}},"locations":[{"start":{"line":385,"column":7},"end":{"line":398,"column":1}}]},"30":{"type":"branch","line":393,"loc":{"start":{"line":393,"column":19},"end":{"line":396,"column":5}},"locations":[{"start":{"line":393,"column":19},"end":{"line":396,"column":5}}]},"31":{"type":"branch","line":395,"loc":{"start":{"line":395,"column":31},"end":{"line":395,"column":55}},"locations":[{"start":{"line":395,"column":31},"end":{"line":395,"column":55}}]}},"b":{"0":[0],"1":[1037],"2":[141],"3":[141],"4":[118],"5":[133],"6":[1],"7":[134],"8":[9],"9":[8],"10":[793],"11":[141],"12":[141],"13":[118],"14":[3],"15":[314],"16":[0],"17":[0],"18":[287],"19":[12],"20":[275],"21":[238],"22":[275],"23":[133],"24":[12],"25":[155],"26":[337],"27":[4],"28":[331],"29":[103],"30":[103],"31":[12]},"fnMap":{"0":{"name":"getThemeVariantSnapshot","decl":{"start":{"line":97,"column":0},"end":{"line":99,"column":1}},"loc":{"start":{"line":97,"column":0},"end":{"line":99,"column":1}},"line":97},"1":{"name":"subscribeToThemeVariant","decl":{"start":{"line":107,"column":0},"end":{"line":112,"column":1}},"loc":{"start":{"line":107,"column":0},"end":{"line":112,"column":1}},"line":107},"2":{"name":"setThemeVariantInternal","decl":{"start":{"line":119,"column":0},"end":{"line":129,"column":1}},"loc":{"start":{"line":119,"column":0},"end":{"line":129,"column":1}},"line":119},"3":{"name":"isValidThemeVariant","decl":{"start":{"line":136,"column":7},"end":{"line":138,"column":1}},"loc":{"start":{"line":136,"column":7},"end":{"line":138,"column":1}},"line":136},"4":{"name":"getMountedSnapshot","decl":{"start":{"line":169,"column":0},"end":{"line":171,"column":1}},"loc":{"start":{"line":169,"column":0},"end":{"line":171,"column":1}},"line":169},"5":{"name":"getMountedServerSnapshot","decl":{"start":{"line":178,"column":0},"end":{"line":180,"column":1}},"loc":{"start":{"line":178,"column":0},"end":{"line":180,"column":1}},"line":178},"6":{"name":"subscribeToMounted","decl":{"start":{"line":188,"column":0},"end":{"line":193,"column":1}},"loc":{"start":{"line":188,"column":0},"end":{"line":193,"column":1}},"line":188},"7":{"name":"ThemeVariantProvider","decl":{"start":{"line":211,"column":0},"end":{"line":279,"column":1}},"loc":{"start":{"line":211,"column":0},"end":{"line":279,"column":1}},"line":211},"8":{"name":"ThemeProvider","decl":{"start":{"line":323,"column":7},"end":{"line":341,"column":1}},"loc":{"start":{"line":323,"column":7},"end":{"line":341,"column":1}},"line":323},"9":{"name":"useTheme","decl":{"start":{"line":372,"column":7},"end":{"line":378,"column":1}},"loc":{"start":{"line":372,"column":7},"end":{"line":378,"column":1}},"line":372},"10":{"name":"resetThemeState","decl":{"start":{"line":385,"column":7},"end":{"line":398,"column":1}},"loc":{"start":{"line":385,"column":7},"end":{"line":398,"column":1}},"line":385}},"f":{"0":1037,"1":141,"2":133,"3":9,"4":793,"5":0,"6":141,"7":314,"8":155,"9":337,"10":103}}
}
