TN:
SF:src/components/theme-switcher.tsx
FN:69,ThemeSwitcher
FN:99,onChange
FN:111,onChange
FNF:3
FNH:3
FNDA:108,ThemeSwitcher
FNDA:25,onChange
FNDA:11,onChange
DA:8,1
DA:69,1
DA:70,108
DA:71,108
DA:72,108
DA:73,108
DA:74,108
DA:75,108
DA:78,108
DA:79,2
DA:80,2
DA:81,2
DA:82,2
DA:84,2
DA:85,2
DA:87,2
DA:88,2
DA:90,2
DA:92,2
DA:94,106
DA:95,106
DA:96,106
DA:97,99
DA:98,99
DA:99,99
DA:100,99
DA:101,99
DA:103,99
DA:104,99
DA:105,99
DA:108,108
DA:109,105
DA:110,105
DA:111,105
DA:112,105
DA:113,105
DA:115,105
DA:116,105
DA:117,105
DA:118,105
DA:120,108
DA:122,108
LF:42
LH:42
BRDA:69,0,0,108
BRDA:78,1,0,2
BRDA:92,2,0,106
BRDA:96,3,0,99
BRDA:108,4,0,105
BRDA:99,5,0,25
BRDA:111,6,0,11
BRF:7
BRH:7
end_of_record
TN:
SF:src/providers/theme-provider.tsx
FN:97,getThemeVariantSnapshot
FN:107,subscribeToThemeVariant
FN:119,setThemeVariantInternal
FN:136,isValidThemeVariant
FN:169,getMountedSnapshot
FN:178,getMountedServerSnapshot
FN:188,subscribeToMounted
FN:211,ThemeVariantProvider
FN:323,ThemeProvider
FN:372,useTheme
FN:385,resetThemeState
FNF:11
FNH:10
FNDA:1037,getThemeVariantSnapshot
FNDA:141,subscribeToThemeVariant
FNDA:133,setThemeVariantInternal
FNDA:9,isValidThemeVariant
FNDA:793,getMountedSnapshot
FNDA:0,getMountedServerSnapshot
FNDA:141,subscribeToMounted
FNDA:314,ThemeVariantProvider
FNDA:155,ThemeProvider
FNDA:337,useTheme
FNDA:103,resetThemeState
DA:9,1
DA:13,1
DA:72,1
DA:78,1
DA:84,1
DA:90,1
DA:97,1037
DA:98,1037
DA:99,1037
DA:107,141
DA:108,141
DA:109,141
DA:110,141
DA:111,141
DA:112,141
DA:119,133
DA:120,133
DA:121,133
DA:122,133
DA:123,133
DA:124,133
DA:126,1
DA:127,133
DA:128,133
DA:129,133
DA:136,1
DA:137,9
DA:138,9
DA:141,1
DA:142,1
DA:143,1
DA:144,1
DA:145,0
DA:146,0
DA:147,1
DA:149,1
DA:150,1
DA:156,1
DA:162,1
DA:169,793
DA:170,793
DA:171,793
DA:178,0
DA:179,0
DA:180,0
DA:188,141
DA:189,141
DA:190,141
DA:191,141
DA:192,141
DA:193,141
DA:196,1
DA:198,1
DA:199,3
DA:200,3
DA:201,1
DA:202,1
DA:211,314
DA:212,314
DA:213,314
DA:214,314
DA:217,314
DA:218,314
DA:219,314
DA:220,314
DA:221,314
DA:222,314
DA:224,314
DA:225,314
DA:226,314
DA:227,314
DA:228,314
DA:230,314
DA:233,314
DA:234,287
DA:236,275
DA:237,275
DA:240,275
DA:241,287
DA:242,238
DA:243,238
DA:246,275
DA:247,275
DA:248,275
DA:249,275
DA:250,275
DA:253,275
DA:254,314
DA:256,314
DA:257,133
DA:258,314
DA:260,314
DA:261,314
DA:262,12
DA:263,12
DA:264,314
DA:265,314
DA:267,314
DA:268,314
DA:269,314
DA:270,314
DA:271,314
DA:272,314
DA:273,314
DA:274,314
DA:276,314
DA:277,314
DA:279,314
DA:323,1
DA:324,155
DA:325,155
DA:326,155
DA:327,155
DA:328,155
DA:329,155
DA:330,155
DA:331,155
DA:332,155
DA:333,155
DA:334,155
DA:336,155
DA:337,155
DA:338,155
DA:339,155
DA:341,155
DA:372,1
DA:373,337
DA:374,337
DA:375,4
DA:376,4
DA:377,331
DA:378,331
DA:385,1
DA:386,103
DA:387,103
DA:388,103
DA:389,103
DA:392,103
DA:393,103
DA:394,103
DA:395,103
DA:396,103
DA:397,103
DA:398,103
LF:144
LH:139
BRDA:144,0,0,0
BRDA:97,1,0,1037
BRDA:107,2,0,141
BRDA:109,3,0,141
BRDA:110,4,0,118
BRDA:119,5,0,133
BRDA:124,6,0,1
BRDA:128,7,0,134
BRDA:136,8,0,9
BRDA:137,9,0,8
BRDA:169,10,0,793
BRDA:188,11,0,141
BRDA:190,12,0,141
BRDA:191,13,0,118
BRDA:198,14,0,3
BRDA:211,15,0,314
BRDA:270,16,0,0
BRDA:272,17,0,0
BRDA:233,18,0,287
BRDA:234,19,0,12
BRDA:234,20,0,275
BRDA:241,21,0,238
BRDA:243,22,0,275
BRDA:256,23,0,133
BRDA:261,24,0,12
BRDA:323,25,0,155
BRDA:372,26,0,337
BRDA:374,27,0,4
BRDA:376,28,0,331
BRDA:385,29,0,103
BRDA:393,30,0,103
BRDA:395,31,0,12
BRF:32
BRH:29
end_of_record
